SF:C:\Users\Sam\Documents\Visual Studio 2017\Projects\gmcc\Engine\Random\DiceUtil.cs
FN:14,System.Int32 Engine.Random.DiceUtil::Roll(System.Int32,System.Int32)
FNDA:304,System.Int32 Engine.Random.DiceUtil::Roll(System.Int32,System.Int32)
DA:15,304
DA:16,304
DA:17,2
DA:18,2
DA:20,302
DA:21,2
DA:22,2
DA:25,300
DA:26,3000
DA:27,1200
DA:28,1200
DA:29,1200
DA:30,300
DA:31,300
BRDA:16,10,0,2
BRDA:16,10,1,302
BRDA:20,44,0,2
BRDA:20,44,1,300
BRDA:26,98,1,1200
BRDA:26,98,0,300
FN:39,System.Int32 Engine.Random.DiceUtil::RollAdvantage(System.Int32,System.Int32)
FNDA:2,System.Int32 Engine.Random.DiceUtil::RollAdvantage(System.Int32,System.Int32)
DA:40,2
DA:41,2
DA:43,4008
DA:44,2002
DA:45,2002
DA:46,2002
DA:47,1001
DA:48,1001
DA:49,1001
DA:51,1001
DA:52,1001
DA:53,1001
DA:54,2002
DA:56,2
DA:57,2
BRDA:41,3,0,1
BRDA:41,3,1,1
BRDA:43,72,1,2002
BRDA:46,28,0,1001
BRDA:46,28,1,1001
BRDA:43,72,0,2
FN:64,System.Int32 Engine.Random.DiceUtil::RollOne(System.Int32)
FNDA:3202,System.Int32 Engine.Random.DiceUtil::RollOne(System.Int32)
DA:65,3202
DA:66,3202
DA:67,3202
LF:32
LH:32
BRF:12
BRH:12
FNF:3
FNH:3
end_of_record
SF:C:\Users\Sam\Documents\Visual Studio 2017\Projects\gmcc\Engine\Random\RandomUtil.cs
FN:16,System.Void Engine.Random.RandomUtil::SetSeed(System.Int32)
FNDA:1,System.Void Engine.Random.RandomUtil::SetSeed(System.Int32)
DA:17,1
DA:18,1
DA:19,1
DA:20,1
FN:25,MathNet.Numerics.Random.MersenneTwister Engine.Random.RandomUtil::get_Random()
FNDA:3202,MathNet.Numerics.Random.MersenneTwister Engine.Random.RandomUtil::get_Random()
DA:26,3202
DA:27,3202
DA:28,0
DA:30,0
DA:31,0
DA:32,3202
DA:33,3202
BRDA:27,11,0,0
BRDA:27,11,1,3202
FN:9,System.Void Engine.Random.RandomUtil::.cctor()
FNDA:1,System.Void Engine.Random.RandomUtil::.cctor()
DA:10,1
DA:12,1
DA:13,1
LF:14
LH:11
BRF:2
BRH:1
FNF:3
FNH:3
end_of_record
SF:C:\Users\Sam\Documents\Visual Studio 2017\Projects\gmcc\Engine\Parsers\Grammar\GrammarParseResult.cs
FN:33,System.Boolean Engine.Parsers.Grammar.GrammarParseResult::get_IsSuccessful()
FNDA:225,System.Boolean Engine.Parsers.Grammar.GrammarParseResult::get_IsSuccessful()
DA:34,225
FN:35,System.Int32 Engine.Parsers.Grammar.GrammarParseResult::get_Value()
FNDA:261,System.Int32 Engine.Parsers.Grammar.GrammarParseResult::get_Value()
DA:36,261
FN:37,System.String Engine.Parsers.Grammar.GrammarParseResult::get_Output()
FNDA:300,System.String Engine.Parsers.Grammar.GrammarParseResult::get_Output()
DA:38,300
FN:40,System.Void Engine.Parsers.Grammar.GrammarParseResult::Combine(Engine.Parsers.Grammar.GrammarParseResult,Engine.Parsers.Grammar.GrammarParseResult/BoolCombine,Engine.Parsers.Grammar.GrammarParseResult/ArithCombine,Engine.Parsers.Grammar.GrammarParseResult/StrCombine)
FNDA:45,System.Void Engine.Parsers.Grammar.GrammarParseResult::Combine(Engine.Parsers.Grammar.GrammarParseResult,Engine.Parsers.Grammar.GrammarParseResult/BoolCombine,Engine.Parsers.Grammar.GrammarParseResult/ArithCombine,Engine.Parsers.Grammar.GrammarParseResult/StrCombine)
DA:41,45
DA:42,45
DA:43,45
DA:44,45
DA:45,45
FN:47,System.Void Engine.Parsers.Grammar.GrammarParseResult::CombineOutput(System.String,Engine.Parsers.Grammar.GrammarParseResult/StrCombine)
FNDA:45,System.Void Engine.Parsers.Grammar.GrammarParseResult::CombineOutput(System.String,Engine.Parsers.Grammar.GrammarParseResult/StrCombine)
DA:48,45
DA:49,45
DA:53,0
DA:55,45
DA:56,45
DA:58,0
DA:59,0
DA:61,0
DA:62,0
DA:64,0
DA:66,45
DA:67,45
BRDA:49,6,2,45
BRDA:49,6,3,0
BRDA:49,6,4,0
BRDA:49,6,0,0
BRDA:49,6,1,45
FN:69,System.Void Engine.Parsers.Grammar.GrammarParseResult::CombineValue(System.Int32,Engine.Parsers.Grammar.GrammarParseResult/ArithCombine)
FNDA:45,System.Void Engine.Parsers.Grammar.GrammarParseResult::CombineValue(System.Int32,Engine.Parsers.Grammar.GrammarParseResult/ArithCombine)
DA:70,45
DA:71,45
DA:75,0
DA:77,21
DA:78,21
DA:80,5
DA:81,5
DA:83,6
DA:84,6
DA:86,6
DA:87,6
DA:89,5
DA:90,5
DA:92,2
DA:93,2
DA:95,0
DA:97,45
BRDA:71,6,2,21
BRDA:71,6,3,5
BRDA:71,6,4,6
BRDA:71,6,5,6
BRDA:71,6,6,5
BRDA:71,6,7,2
BRDA:71,6,0,0
BRDA:71,6,1,45
FN:99,System.Void Engine.Parsers.Grammar.GrammarParseResult::CombineSuccessful(System.Boolean,Engine.Parsers.Grammar.GrammarParseResult/BoolCombine)
FNDA:45,System.Void Engine.Parsers.Grammar.GrammarParseResult::CombineSuccessful(System.Boolean,Engine.Parsers.Grammar.GrammarParseResult/BoolCombine)
DA:100,45
DA:101,45
DA:104,0
DA:105,0
DA:107,45
DA:108,45
DA:110,0
DA:112,45
BRDA:101,4,0,45
BRDA:101,4,1,0
BRDA:101,10,1,45
BRDA:101,10,0,0
FN:31,System.Void Engine.Parsers.Grammar.GrammarParseResult::.cctor()
FNDA:0,System.Void Engine.Parsers.Grammar.GrammarParseResult::.cctor()
DA:32,0
LF:46
LH:34
BRF:17
BRH:11
FNF:8
FNH:7
end_of_record
SF:C:\Users\Sam\Documents\Visual Studio 2017\Projects\gmcc\Engine\Parsers\Grammar\Visitors\ActionVisitor.cs
FN:16,Engine.Parsers.Grammar.GrammarParseResult Engine.Parsers.Grammar.Visitors.ActionVisitor::VisitAction(Engine.Parsers.Generated.Grammar.GrammarParser/ActionContext)
FNDA:0,Engine.Parsers.Grammar.GrammarParseResult Engine.Parsers.Grammar.Visitors.ActionVisitor::VisitAction(Engine.Parsers.Generated.Grammar.GrammarParser/ActionContext)
DA:17,0
DA:18,0
DA:19,0
DA:20,0
DA:23,0
DA:24,0
DA:25,0
BRDA:18,7,0,0
BRDA:18,7,1,0
LF:7
LH:0
BRF:2
BRH:0
FNF:1
FNH:0
end_of_record
SF:C:\Users\Sam\Documents\Visual Studio 2017\Projects\gmcc\Engine\Parsers\Grammar\Visitors\CommandVisitor.cs
FN:16,Engine.Parsers.Grammar.GrammarParseResult Engine.Parsers.Grammar.Visitors.CommandVisitor::VisitCommand(Engine.Parsers.Generated.Grammar.GrammarParser/CommandContext)
FNDA:0,Engine.Parsers.Grammar.GrammarParseResult Engine.Parsers.Grammar.Visitors.CommandVisitor::VisitCommand(Engine.Parsers.Generated.Grammar.GrammarParser/CommandContext)
DA:17,0
DA:18,0
DA:19,0
DA:20,0
DA:23,0
DA:24,0
DA:25,0
BRDA:18,7,0,0
BRDA:18,7,1,0
LF:7
LH:0
BRF:2
BRH:0
FNF:1
FNH:0
end_of_record
SF:C:\Users\Sam\Documents\Visual Studio 2017\Projects\gmcc\Engine\Parsers\Grammar\Visitors\ExpressionVisitor.cs
FN:19,Engine.Parsers.Grammar.GrammarParseResult Engine.Parsers.Grammar.Visitors.ExpressionVisitor::VisitExpression(Engine.Parsers.Generated.Grammar.GrammarParser/ExpressionContext)
FNDA:80,Engine.Parsers.Grammar.GrammarParseResult Engine.Parsers.Grammar.Visitors.ExpressionVisitor::VisitExpression(Engine.Parsers.Generated.Grammar.GrammarParser/ExpressionContext)
DA:20,80
DA:21,80
DA:22,80
DA:23,0
DA:24,0
DA:26,80
DA:27,5
DA:28,5
DA:30,75
DA:31,5
DA:32,5
DA:34,70
DA:35,11
DA:36,11
DA:38,59
DA:39,14
DA:40,14
DA:42,45
DA:43,3
DA:44,3
DA:46,42
DA:47,42
DA:48,42
DA:50,0
DA:51,80
BRDA:22,36,0,0
BRDA:22,36,1,80
BRDA:26,66,0,5
BRDA:26,66,1,75
BRDA:30,103,0,5
BRDA:30,103,1,70
BRDA:34,135,0,11
BRDA:34,135,1,59
BRDA:38,164,0,14
BRDA:38,164,1,45
BRDA:42,194,0,3
BRDA:42,194,1,42
BRDA:46,225,0,42
BRDA:46,225,1,0
FN:54,Engine.Parsers.Grammar.GrammarParseResult Engine.Parsers.Grammar.Visitors.ExpressionVisitor::VisitPowExpr(Engine.Parsers.Generated.Grammar.GrammarParser/PowExprContext)
FNDA:5,Engine.Parsers.Grammar.GrammarParseResult Engine.Parsers.Grammar.Visitors.ExpressionVisitor::VisitPowExpr(Engine.Parsers.Generated.Grammar.GrammarParser/PowExprContext)
DA:55,5
DA:56,5
DA:57,0
DA:58,0
DA:61,5
DA:63,5
DA:64,5
BRDA:56,7,0,0
BRDA:56,7,1,5
FN:66,Engine.Parsers.Grammar.GrammarParseResult Engine.Parsers.Grammar.Visitors.ExpressionVisitor::VisitAdditiveExpr(Engine.Parsers.Generated.Grammar.GrammarParser/AdditiveExprContext)
FNDA:11,Engine.Parsers.Grammar.GrammarParseResult Engine.Parsers.Grammar.Visitors.ExpressionVisitor::VisitAdditiveExpr(Engine.Parsers.Generated.Grammar.GrammarParser/AdditiveExprContext)
DA:67,11
DA:68,11
DA:69,0
DA:70,0
DA:73,11
DA:75,11
DA:76,11
BRDA:68,7,0,0
BRDA:68,7,1,11
FN:78,Engine.Parsers.Grammar.GrammarParseResult Engine.Parsers.Grammar.Visitors.ExpressionVisitor::VisitMultiplicationExpr(Engine.Parsers.Generated.Grammar.GrammarParser/MultiplicationExprContext)
FNDA:14,Engine.Parsers.Grammar.GrammarParseResult Engine.Parsers.Grammar.Visitors.ExpressionVisitor::VisitMultiplicationExpr(Engine.Parsers.Generated.Grammar.GrammarParser/MultiplicationExprContext)
DA:79,14
DA:80,14
DA:81,0
DA:82,0
DA:85,14
DA:87,14
DA:88,14
BRDA:80,7,0,0
BRDA:80,7,1,14
FN:90,Engine.Parsers.Grammar.GrammarParseResult Engine.Parsers.Grammar.Visitors.ExpressionVisitor::VisitUnaryMinusExpr(Engine.Parsers.Generated.Grammar.GrammarParser/UnaryMinusExprContext)
FNDA:3,Engine.Parsers.Grammar.GrammarParseResult Engine.Parsers.Grammar.Visitors.ExpressionVisitor::VisitUnaryMinusExpr(Engine.Parsers.Generated.Grammar.GrammarParser/UnaryMinusExprContext)
DA:91,3
DA:92,3
DA:93,0
DA:94,0
DA:97,3
DA:99,3
DA:100,3
DA:102,3
DA:104,3
DA:105,3
BRDA:92,7,0,0
BRDA:92,7,1,3
FN:107,Engine.Parsers.Grammar.GrammarParseResult Engine.Parsers.Grammar.Visitors.ExpressionVisitor::VisitParenExpr(Engine.Parsers.Generated.Grammar.GrammarParser/ParenExprContext)
FNDA:0,Engine.Parsers.Grammar.GrammarParseResult Engine.Parsers.Grammar.Visitors.ExpressionVisitor::VisitParenExpr(Engine.Parsers.Generated.Grammar.GrammarParser/ParenExprContext)
DA:108,0
DA:109,0
DA:110,0
DA:111,0
DA:114,0
DA:116,0
DA:117,0
BRDA:109,7,0,0
BRDA:109,7,1,0
FN:120,Engine.Parsers.Grammar.GrammarParseResult Engine.Parsers.Grammar.Visitors.ExpressionVisitor::VisitValueExpr(Engine.Parsers.Generated.Grammar.GrammarParser/ValueExprContext)
FNDA:45,Engine.Parsers.Grammar.GrammarParseResult Engine.Parsers.Grammar.Visitors.ExpressionVisitor::VisitValueExpr(Engine.Parsers.Generated.Grammar.GrammarParser/ValueExprContext)
DA:121,45
DA:122,45
DA:123,0
DA:124,0
DA:126,45
DA:128,45
DA:129,45
BRDA:122,7,0,0
BRDA:122,7,1,45
FN:132,Engine.Parsers.Grammar.GrammarParseResult Engine.Parsers.Grammar.Visitors.ExpressionVisitor::VisitArithmeticExpr(Engine.Parsers.Generated.Grammar.GrammarParser/ExpressionContext,Engine.Parsers.Generated.Grammar.GrammarParser/ExpressionContext,Antlr4.Runtime.IToken)
FNDA:30,Engine.Parsers.Grammar.GrammarParseResult Engine.Parsers.Grammar.Visitors.ExpressionVisitor::VisitArithmeticExpr(Engine.Parsers.Generated.Grammar.GrammarParser/ExpressionContext,Engine.Parsers.Generated.Grammar.GrammarParser/ExpressionContext,Antlr4.Runtime.IToken)
DA:133,30
DA:134,30
DA:135,30
DA:137,30
DA:139,30
DA:141,30
DA:142,30
FN:144,Engine.Parsers.Grammar.GrammarParseResult/ArithCombine Engine.Parsers.Grammar.Visitors.ExpressionVisitor::GetArithCombine(System.String)
FNDA:30,Engine.Parsers.Grammar.GrammarParseResult/ArithCombine Engine.Parsers.Grammar.Visitors.ExpressionVisitor::GetArithCombine(System.String)
DA:145,30
DA:146,30
DA:149,6
DA:151,5
DA:153,6
DA:155,6
DA:157,5
DA:159,2
DA:162,0
DA:164,0
DA:165,30
BRDA:146,14,0,24
BRDA:146,27,0,19
BRDA:146,40,0,13
BRDA:146,53,0,7
BRDA:146,66,0,2
BRDA:146,14,1,6
BRDA:146,27,1,5
BRDA:146,40,1,6
BRDA:146,53,1,6
BRDA:146,66,1,5
BRDA:146,79,1,2
BRDA:146,79,0,0
FN:15,System.Void Engine.Parsers.Grammar.Visitors.ExpressionVisitor::.ctor()
FNDA:15,System.Void Engine.Parsers.Grammar.Visitors.ExpressionVisitor::.ctor()
DA:16,15
LF:89
LH:67
BRF:38
BRH:28
FNF:10
FNH:9
end_of_record
SF:C:\Users\Sam\Documents\Visual Studio 2017\Projects\gmcc\Engine\Parsers\Grammar\Visitors\RollVisitor.cs
FN:16,Engine.Parsers.Grammar.GrammarParseResult Engine.Parsers.Grammar.Visitors.RollVisitor::VisitRoll(Engine.Parsers.Generated.Grammar.GrammarParser/RollContext)
FNDA:0,Engine.Parsers.Grammar.GrammarParseResult Engine.Parsers.Grammar.Visitors.RollVisitor::VisitRoll(Engine.Parsers.Generated.Grammar.GrammarParser/RollContext)
DA:17,0
DA:18,0
DA:19,0
DA:20,0
DA:22,0
DA:24,0
DA:25,0
DA:26,0
DA:28,0
DA:29,0
DA:30,0
DA:32,0
DA:33,0
BRDA:18,7,0,0
BRDA:18,7,1,0
BRDA:24,60,0,0
BRDA:24,60,1,0
BRDA:28,88,0,0
BRDA:28,88,1,0
FN:35,Engine.Parsers.Grammar.GrammarParseResult Engine.Parsers.Grammar.Visitors.RollVisitor::VisitModifierRoll(Engine.Parsers.Generated.Grammar.GrammarParser/ModifierRollContext)
FNDA:0,Engine.Parsers.Grammar.GrammarParseResult Engine.Parsers.Grammar.Visitors.RollVisitor::VisitModifierRoll(Engine.Parsers.Generated.Grammar.GrammarParser/ModifierRollContext)
DA:36,0
DA:37,0
DA:38,0
DA:39,0
DA:42,0
DA:43,0
DA:44,0
BRDA:37,7,0,0
BRDA:37,7,1,0
FN:46,Engine.Parsers.Grammar.GrammarParseResult Engine.Parsers.Grammar.Visitors.RollVisitor::VisitSumRoll(Engine.Parsers.Generated.Grammar.GrammarParser/SumRollContext)
FNDA:0,Engine.Parsers.Grammar.GrammarParseResult Engine.Parsers.Grammar.Visitors.RollVisitor::VisitSumRoll(Engine.Parsers.Generated.Grammar.GrammarParser/SumRollContext)
DA:47,0
DA:48,0
DA:49,0
DA:50,0
DA:53,0
DA:54,0
DA:55,0
BRDA:48,7,0,0
BRDA:48,7,1,0
LF:27
LH:0
BRF:10
BRH:0
FNF:3
FNH:0
end_of_record
SF:C:\Users\Sam\Documents\Visual Studio 2017\Projects\gmcc\Engine\Parsers\Grammar\Visitors\StatementsVisitor.cs
FN:18,Engine.Parsers.Grammar.GrammarParseResult Engine.Parsers.Grammar.Visitors.StatementsVisitor::VisitStatements(Engine.Parsers.Generated.Grammar.GrammarParser/StatementsContext)
FNDA:15,Engine.Parsers.Grammar.GrammarParseResult Engine.Parsers.Grammar.Visitors.StatementsVisitor::VisitStatements(Engine.Parsers.Generated.Grammar.GrammarParser/StatementsContext)
DA:19,15
DA:20,15
DA:21,0
DA:22,0
DA:25,15
DA:28,15
DA:30,75
DA:31,15
DA:32,15
DA:33,15
DA:35,15
DA:36,15
BRDA:20,7,0,0
BRDA:20,7,1,15
BRDA:30,101,1,15
BRDA:30,101,0,15
FN:38,Engine.Parsers.Grammar.GrammarParseResult Engine.Parsers.Grammar.Visitors.StatementsVisitor::VisitStatement(Engine.Parsers.Generated.Grammar.GrammarParser/StatementContext)
FNDA:15,Engine.Parsers.Grammar.GrammarParseResult Engine.Parsers.Grammar.Visitors.StatementsVisitor::VisitStatement(Engine.Parsers.Generated.Grammar.GrammarParser/StatementContext)
DA:39,15
DA:40,15
DA:41,0
DA:42,0
DA:45,15
DA:48,15
DA:49,15
DA:50,15
DA:51,15
DA:53,0
DA:54,0
DA:55,0
DA:56,0
DA:58,0
DA:59,0
DA:60,0
DA:61,0
DA:64,0
DA:65,15
BRDA:40,7,0,0
BRDA:40,7,1,15
BRDA:49,74,0,15
BRDA:49,74,1,0
BRDA:54,104,0,0
BRDA:54,104,1,0
BRDA:59,134,0,0
BRDA:59,134,1,0
FN:15,System.Void Engine.Parsers.Grammar.Visitors.StatementsVisitor::.ctor()
FNDA:15,System.Void Engine.Parsers.Grammar.Visitors.StatementsVisitor::.ctor()
DA:16,15
LF:32
LH:19
BRF:12
BRH:5
FNF:3
FNH:3
end_of_record
SF:C:\Users\Sam\Documents\Visual Studio 2017\Projects\gmcc\Engine\Parsers\Grammar\Visitors\ValueVisitor.cs
FN:19,Engine.Parsers.Grammar.GrammarParseResult Engine.Parsers.Grammar.Visitors.ValueVisitor::VisitValue(Engine.Parsers.Generated.Grammar.GrammarParser/ValueContext)
FNDA:45,Engine.Parsers.Grammar.GrammarParseResult Engine.Parsers.Grammar.Visitors.ValueVisitor::VisitValue(Engine.Parsers.Generated.Grammar.GrammarParser/ValueContext)
DA:20,45
DA:21,45
DA:22,0
DA:23,0
DA:25,45
DA:27,45
DA:28,45
DA:29,45
DA:31,0
DA:32,0
DA:33,0
DA:35,0
DA:36,45
BRDA:21,7,0,0
BRDA:21,7,1,45
BRDA:27,60,0,45
BRDA:27,60,1,0
BRDA:31,88,0,0
BRDA:31,88,1,0
FN:38,Engine.Parsers.Grammar.GrammarParseResult Engine.Parsers.Grammar.Visitors.ValueVisitor::VisitNumberValue(Engine.Parsers.Generated.Grammar.GrammarParser/NumberValueContext)
FNDA:45,Engine.Parsers.Grammar.GrammarParseResult Engine.Parsers.Grammar.Visitors.ValueVisitor::VisitNumberValue(Engine.Parsers.Generated.Grammar.GrammarParser/NumberValueContext)
DA:39,45
DA:40,45
DA:41,0
DA:42,0
DA:45,45
DA:46,45
DA:48,45
DA:49,45
BRDA:40,7,0,0
BRDA:40,7,1,45
FN:51,Engine.Parsers.Grammar.GrammarParseResult Engine.Parsers.Grammar.Visitors.ValueVisitor::VisitRollValue(Engine.Parsers.Generated.Grammar.GrammarParser/RollValueContext)
FNDA:0,Engine.Parsers.Grammar.GrammarParseResult Engine.Parsers.Grammar.Visitors.ValueVisitor::VisitRollValue(Engine.Parsers.Generated.Grammar.GrammarParser/RollValueContext)
DA:52,0
DA:53,0
DA:54,0
DA:55,0
DA:57,0
DA:59,0
DA:60,0
BRDA:53,7,0,0
BRDA:53,7,1,0
FN:15,System.Void Engine.Parsers.Grammar.Visitors.ValueVisitor::.ctor()
FNDA:15,System.Void Engine.Parsers.Grammar.Visitors.ValueVisitor::.ctor()
DA:16,15
LF:29
LH:14
BRF:10
BRH:3
FNF:4
FNH:3
end_of_record
SF:C:\Users\Sam\Documents\Visual Studio 2017\Projects\gmcc\Engine\Parsers\Generated\Grammar\GrammarBaseVisitor.cs
FN:45,Result Engine.Parsers.Generated.Grammar.GrammarBaseVisitor`1::VisitStatements(Engine.Parsers.Generated.Grammar.GrammarParser/StatementsContext)
FNDA:0,Result Engine.Parsers.Generated.Grammar.GrammarBaseVisitor`1::VisitStatements(Engine.Parsers.Generated.Grammar.GrammarParser/StatementsContext)
DA:46,0
FN:55,Result Engine.Parsers.Generated.Grammar.GrammarBaseVisitor`1::VisitStatement(Engine.Parsers.Generated.Grammar.GrammarParser/StatementContext)
FNDA:0,Result Engine.Parsers.Generated.Grammar.GrammarBaseVisitor`1::VisitStatement(Engine.Parsers.Generated.Grammar.GrammarParser/StatementContext)
DA:56,0
FN:66,Result Engine.Parsers.Generated.Grammar.GrammarBaseVisitor`1::VisitValueExpr(Engine.Parsers.Generated.Grammar.GrammarParser/ValueExprContext)
FNDA:0,Result Engine.Parsers.Generated.Grammar.GrammarBaseVisitor`1::VisitValueExpr(Engine.Parsers.Generated.Grammar.GrammarParser/ValueExprContext)
DA:67,0
FN:77,Result Engine.Parsers.Generated.Grammar.GrammarBaseVisitor`1::VisitUnaryMinusExpr(Engine.Parsers.Generated.Grammar.GrammarParser/UnaryMinusExprContext)
FNDA:0,Result Engine.Parsers.Generated.Grammar.GrammarBaseVisitor`1::VisitUnaryMinusExpr(Engine.Parsers.Generated.Grammar.GrammarParser/UnaryMinusExprContext)
DA:78,0
FN:88,Result Engine.Parsers.Generated.Grammar.GrammarBaseVisitor`1::VisitMultiplicationExpr(Engine.Parsers.Generated.Grammar.GrammarParser/MultiplicationExprContext)
FNDA:0,Result Engine.Parsers.Generated.Grammar.GrammarBaseVisitor`1::VisitMultiplicationExpr(Engine.Parsers.Generated.Grammar.GrammarParser/MultiplicationExprContext)
DA:89,0
FN:99,Result Engine.Parsers.Generated.Grammar.GrammarBaseVisitor`1::VisitAdditiveExpr(Engine.Parsers.Generated.Grammar.GrammarParser/AdditiveExprContext)
FNDA:0,Result Engine.Parsers.Generated.Grammar.GrammarBaseVisitor`1::VisitAdditiveExpr(Engine.Parsers.Generated.Grammar.GrammarParser/AdditiveExprContext)
DA:100,0
FN:110,Result Engine.Parsers.Generated.Grammar.GrammarBaseVisitor`1::VisitPowExpr(Engine.Parsers.Generated.Grammar.GrammarParser/PowExprContext)
FNDA:0,Result Engine.Parsers.Generated.Grammar.GrammarBaseVisitor`1::VisitPowExpr(Engine.Parsers.Generated.Grammar.GrammarParser/PowExprContext)
DA:111,0
FN:121,Result Engine.Parsers.Generated.Grammar.GrammarBaseVisitor`1::VisitParenExpr(Engine.Parsers.Generated.Grammar.GrammarParser/ParenExprContext)
FNDA:0,Result Engine.Parsers.Generated.Grammar.GrammarBaseVisitor`1::VisitParenExpr(Engine.Parsers.Generated.Grammar.GrammarParser/ParenExprContext)
DA:122,0
FN:132,Result Engine.Parsers.Generated.Grammar.GrammarBaseVisitor`1::VisitNumberValue(Engine.Parsers.Generated.Grammar.GrammarParser/NumberValueContext)
FNDA:0,Result Engine.Parsers.Generated.Grammar.GrammarBaseVisitor`1::VisitNumberValue(Engine.Parsers.Generated.Grammar.GrammarParser/NumberValueContext)
DA:133,0
FN:143,Result Engine.Parsers.Generated.Grammar.GrammarBaseVisitor`1::VisitRollValue(Engine.Parsers.Generated.Grammar.GrammarParser/RollValueContext)
FNDA:0,Result Engine.Parsers.Generated.Grammar.GrammarBaseVisitor`1::VisitRollValue(Engine.Parsers.Generated.Grammar.GrammarParser/RollValueContext)
DA:144,0
FN:154,Result Engine.Parsers.Generated.Grammar.GrammarBaseVisitor`1::VisitModifierRoll(Engine.Parsers.Generated.Grammar.GrammarParser/ModifierRollContext)
FNDA:0,Result Engine.Parsers.Generated.Grammar.GrammarBaseVisitor`1::VisitModifierRoll(Engine.Parsers.Generated.Grammar.GrammarParser/ModifierRollContext)
DA:155,0
FN:165,Result Engine.Parsers.Generated.Grammar.GrammarBaseVisitor`1::VisitSumRoll(Engine.Parsers.Generated.Grammar.GrammarParser/SumRollContext)
FNDA:0,Result Engine.Parsers.Generated.Grammar.GrammarBaseVisitor`1::VisitSumRoll(Engine.Parsers.Generated.Grammar.GrammarParser/SumRollContext)
DA:166,0
FN:175,Result Engine.Parsers.Generated.Grammar.GrammarBaseVisitor`1::VisitCommand(Engine.Parsers.Generated.Grammar.GrammarParser/CommandContext)
FNDA:0,Result Engine.Parsers.Generated.Grammar.GrammarBaseVisitor`1::VisitCommand(Engine.Parsers.Generated.Grammar.GrammarParser/CommandContext)
DA:176,0
FN:185,Result Engine.Parsers.Generated.Grammar.GrammarBaseVisitor`1::VisitAction(Engine.Parsers.Generated.Grammar.GrammarParser/ActionContext)
FNDA:0,Result Engine.Parsers.Generated.Grammar.GrammarBaseVisitor`1::VisitAction(Engine.Parsers.Generated.Grammar.GrammarParser/ActionContext)
DA:186,0
LF:14
LH:0
BRF:0
BRH:0
FNF:14
FNH:0
end_of_record
SF:C:\Users\Sam\Documents\Visual Studio 2017\Projects\gmcc\Engine\Parsers\Generated\Grammar\GrammarLexer.cs
FN:78,Antlr4.Runtime.IVocabulary Engine.Parsers.Generated.Grammar.GrammarLexer::get_Vocabulary()
FNDA:0,Antlr4.Runtime.IVocabulary Engine.Parsers.Generated.Grammar.GrammarLexer::get_Vocabulary()
DA:79,0
DA:80,0
DA:81,0
FN:83,System.String Engine.Parsers.Generated.Grammar.GrammarLexer::get_GrammarFileName()
FNDA:0,System.String Engine.Parsers.Generated.Grammar.GrammarLexer::get_GrammarFileName()
DA:84,0
FN:85,System.String[] Engine.Parsers.Generated.Grammar.GrammarLexer::get_RuleNames()
FNDA:0,System.String[] Engine.Parsers.Generated.Grammar.GrammarLexer::get_RuleNames()
DA:86,0
FN:87,System.String[] Engine.Parsers.Generated.Grammar.GrammarLexer::get_ChannelNames()
FNDA:0,System.String[] Engine.Parsers.Generated.Grammar.GrammarLexer::get_ChannelNames()
DA:88,0
FN:89,System.String[] Engine.Parsers.Generated.Grammar.GrammarLexer::get_ModeNames()
FNDA:0,System.String[] Engine.Parsers.Generated.Grammar.GrammarLexer::get_ModeNames()
DA:90,0
FN:91,System.String Engine.Parsers.Generated.Grammar.GrammarLexer::get_SerializedAtn()
FNDA:0,System.String Engine.Parsers.Generated.Grammar.GrammarLexer::get_SerializedAtn()
DA:92,0
FN:55,System.Void Engine.Parsers.Generated.Grammar.GrammarLexer::.ctor(Antlr4.Runtime.ICharStream)
FNDA:45,System.Void Engine.Parsers.Generated.Grammar.GrammarLexer::.ctor(Antlr4.Runtime.ICharStream)
DA:56,45
FN:58,System.Void Engine.Parsers.Generated.Grammar.GrammarLexer::.ctor(Antlr4.Runtime.ICharStream,System.IO.TextWriter,System.IO.TextWriter)
FNDA:15,System.Void Engine.Parsers.Generated.Grammar.GrammarLexer::.ctor(Antlr4.Runtime.ICharStream,System.IO.TextWriter,System.IO.TextWriter)
DA:59,15
DA:60,15
DA:61,15
DA:62,15
FN:34,System.Void Engine.Parsers.Generated.Grammar.GrammarLexer::.cctor()
FNDA:1,System.Void Engine.Parsers.Generated.Grammar.GrammarLexer::.cctor()
DA:35,1
DA:40,1
DA:41,1
DA:42,1
DA:44,1
DA:45,1
DA:46,1
DA:48,1
DA:49,1
DA:50,1
DA:51,1
DA:52,1
DA:64,1
DA:65,1
DA:66,1
DA:67,1
DA:68,1
DA:69,1
DA:70,1
DA:71,1
DA:72,1
DA:73,1
DA:94,1
DA:95,1
DA:96,20
DA:97,6
DA:98,6
DA:99,1
DA:100,1
DA:101,1
DA:102,1
DA:103,1
DA:104,1
DA:105,1
DA:106,1
DA:107,1
DA:108,1
DA:109,1
DA:110,1
DA:111,1
DA:112,1
DA:113,1
DA:114,1
DA:115,1
DA:116,1
DA:117,1
DA:118,1
DA:119,1
DA:120,1
DA:121,1
DA:122,1
DA:123,1
DA:124,1
DA:125,1
DA:126,1
DA:127,1
DA:128,1
DA:129,1
DA:130,1
DA:131,1
DA:132,1
DA:133,1
DA:134,1
DA:135,1
DA:136,1
DA:137,1
DA:138,1
DA:139,1
DA:140,1
DA:141,1
DA:142,1
DA:143,1
DA:144,1
DA:145,1
DA:146,1
DA:147,1
DA:148,1
DA:149,1
DA:150,1
DA:151,1
DA:152,1
DA:153,1
DA:154,1
DA:155,1
DA:156,1
DA:157,1
DA:158,1
DA:159,1
DA:160,1
DA:161,1
DA:162,1
DA:163,1
DA:164,1
DA:165,1
DA:166,1
DA:167,1
DA:168,1
DA:169,1
DA:170,1
DA:171,1
DA:172,1
DA:173,1
DA:174,1
DA:175,1
DA:176,1
DA:177,1
DA:178,1
DA:179,1
DA:180,1
DA:181,1
DA:183,1
DA:184,1
BRDA:96,635,1,6
BRDA:96,635,0,1
LF:125
LH:117
BRF:2
BRH:2
FNF:9
FNH:3
end_of_record
SF:C:\Users\Sam\Documents\Visual Studio 2017\Projects\gmcc\Engine\Parsers\Generated\Grammar\GrammarParser.cs
FN:64,Antlr4.Runtime.IVocabulary Engine.Parsers.Generated.Grammar.GrammarParser::get_Vocabulary()
FNDA:0,Antlr4.Runtime.IVocabulary Engine.Parsers.Generated.Grammar.GrammarParser::get_Vocabulary()
DA:65,0
DA:66,0
DA:67,0
FN:69,System.String Engine.Parsers.Generated.Grammar.GrammarParser::get_GrammarFileName()
FNDA:0,System.String Engine.Parsers.Generated.Grammar.GrammarParser::get_GrammarFileName()
DA:70,0
FN:71,System.String[] Engine.Parsers.Generated.Grammar.GrammarParser::get_RuleNames()
FNDA:0,System.String[] Engine.Parsers.Generated.Grammar.GrammarParser::get_RuleNames()
DA:72,0
FN:73,System.String Engine.Parsers.Generated.Grammar.GrammarParser::get_SerializedAtn()
FNDA:0,System.String Engine.Parsers.Generated.Grammar.GrammarParser::get_SerializedAtn()
DA:74,0
FN:115,Engine.Parsers.Generated.Grammar.GrammarParser/StatementsContext Engine.Parsers.Generated.Grammar.GrammarParser::statements()
FNDA:15,Engine.Parsers.Generated.Grammar.GrammarParser/StatementsContext Engine.Parsers.Generated.Grammar.GrammarParser::statements()
DA:116,15
DA:117,15
DA:118,15
DA:120,15
DA:121,15
DA:122,15
DA:123,30
DA:124,15
DA:125,15
DA:126,15
DA:127,15
DA:128,0
DA:129,0
DA:130,0
DA:131,0
DA:132,0
DA:133,0
DA:134,0
DA:135,0
DA:136,0
DA:137,0
DA:138,30
DA:139,15
DA:140,15
DA:141,0
DA:142,0
DA:143,0
DA:144,0
DA:145,0
DA:146,15
DA:147,15
DA:148,15
DA:149,15
DA:150,15
BRDA:127,173,1,0
BRDA:127,173,0,15
FN:174,Engine.Parsers.Generated.Grammar.GrammarParser/StatementContext Engine.Parsers.Generated.Grammar.GrammarParser::statement()
FNDA:15,Engine.Parsers.Generated.Grammar.GrammarParser/StatementContext Engine.Parsers.Generated.Grammar.GrammarParser::statement()
DA:175,15
DA:176,15
DA:177,15
DA:178,15
DA:179,15
DA:180,15
DA:181,15
DA:188,15
DA:189,15
DA:190,30
DA:191,15
DA:192,15
DA:194,0
DA:195,0
DA:196,0
DA:197,0
DA:198,0
DA:200,0
DA:201,0
DA:202,0
DA:203,0
DA:204,0
DA:206,0
DA:208,15
DA:209,0
DA:210,0
DA:211,0
DA:212,0
DA:213,0
DA:214,15
DA:215,15
DA:216,15
DA:217,15
DA:218,15
BRDA:181,68,0,15
BRDA:181,72,0,13
BRDA:181,68,1,0
BRDA:181,87,0,0
BRDA:181,72,1,15
BRDA:181,80,1,15
BRDA:181,87,1,0
BRDA:181,94,1,0
BRDA:181,80,0,0
BRDA:181,94,0,0
FN:326,Engine.Parsers.Generated.Grammar.GrammarParser/ExpressionContext Engine.Parsers.Generated.Grammar.GrammarParser::expression()
FNDA:0,Engine.Parsers.Generated.Grammar.GrammarParser/ExpressionContext Engine.Parsers.Generated.Grammar.GrammarParser::expression()
DA:327,0
DA:328,0
DA:329,0
FN:330,Engine.Parsers.Generated.Grammar.GrammarParser/ExpressionContext Engine.Parsers.Generated.Grammar.GrammarParser::expression(System.Int32)
FNDA:53,Engine.Parsers.Generated.Grammar.GrammarParser/ExpressionContext Engine.Parsers.Generated.Grammar.GrammarParser::expression(System.Int32)
DA:331,53
DA:332,53
DA:333,53
DA:334,53
DA:335,53
DA:336,53
DA:337,53
DA:339,53
DA:341,53
DA:342,53
DA:343,53
DA:344,53
DA:345,53
DA:347,3
DA:348,3
DA:349,3
DA:350,3
DA:352,6
DA:353,6
DA:354,3
DA:355,3
DA:360,45
DA:361,45
DA:362,45
DA:363,45
DA:364,90
DA:365,45
DA:366,45
DA:368,5
DA:369,5
DA:370,5
DA:371,5
DA:372,10
DA:373,10
DA:374,10
DA:375,5
DA:376,5
DA:378,0
DA:380,53
DA:381,53
DA:382,53
DA:383,53
DA:384,113
DA:385,60
DA:386,30
DA:387,30
DA:388,30
DA:389,30
DA:390,30
DA:391,30
DA:392,30
DA:394,5
DA:395,5
DA:396,5
DA:397,5
DA:398,5
DA:399,5
DA:400,10
DA:401,10
DA:402,5
DA:403,5
DA:405,14
DA:406,14
DA:407,14
DA:408,14
DA:409,14
DA:410,14
DA:411,14
DA:412,14
DA:413,14
DA:414,14
DA:415,0
DA:416,0
DA:417,14
DA:418,14
DA:419,14
DA:420,14
DA:421,28
DA:422,14
DA:423,14
DA:425,11
DA:426,11
DA:427,11
DA:428,11
DA:429,11
DA:430,11
DA:431,11
DA:432,11
DA:433,11
DA:434,11
DA:435,0
DA:436,0
DA:437,11
DA:438,11
DA:439,11
DA:440,11
DA:441,22
DA:442,11
DA:443,11
DA:445,30
DA:446,30
DA:447,30
DA:448,30
DA:449,30
DA:450,30
DA:451,53
DA:452,53
DA:453,0
DA:454,0
DA:455,0
DA:456,0
DA:457,0
DA:458,53
DA:459,53
DA:460,53
DA:461,53
DA:462,53
BRDA:345,95,1,3
BRDA:345,95,7,45
BRDA:345,95,8,45
BRDA:345,95,9,45
BRDA:345,95,10,45
BRDA:345,95,11,5
BRDA:345,95,0,0
BRDA:345,95,2,0
BRDA:345,95,3,0
BRDA:345,95,4,0
BRDA:345,95,5,0
BRDA:345,95,6,0
BRDA:384,1189,1,30
BRDA:385,409,0,30
BRDA:386,428,0,30
BRDA:386,428,1,30
BRDA:392,492,1,5
BRDA:399,580,0,0
BRDA:399,580,1,5
BRDA:392,492,2,14
BRDA:410,720,0,0
BRDA:410,720,1,14
BRDA:414,785,0,14
BRDA:414,785,1,0
BRDA:414,810,0,0
BRDA:414,810,1,14
BRDA:392,492,3,11
BRDA:430,960,0,0
BRDA:430,960,1,11
BRDA:434,1023,0,5
BRDA:434,1023,1,6
BRDA:434,1040,0,0
BRDA:434,1040,1,11
BRDA:392,492,0,30
BRDA:385,409,1,30
BRDA:384,1175,0,30
BRDA:384,1175,1,53
BRDA:384,1189,0,53
FN:497,Engine.Parsers.Generated.Grammar.GrammarParser/ValueContext Engine.Parsers.Generated.Grammar.GrammarParser::value()
FNDA:45,Engine.Parsers.Generated.Grammar.GrammarParser/ValueContext Engine.Parsers.Generated.Grammar.GrammarParser::value()
DA:498,45
DA:499,45
DA:500,45
DA:501,45
DA:502,45
DA:503,45
DA:504,45
DA:506,45
DA:507,45
DA:508,45
DA:509,90
DA:510,45
DA:511,45
DA:513,0
DA:514,0
DA:515,0
DA:516,0
DA:517,0
DA:518,0
DA:520,45
DA:521,0
DA:522,0
DA:523,0
DA:524,0
DA:525,0
DA:526,45
DA:527,45
DA:528,45
DA:529,45
DA:530,45
BRDA:504,79,0,0
BRDA:504,79,1,45
BRDA:504,85,1,0
BRDA:504,85,0,45
FN:576,Engine.Parsers.Generated.Grammar.GrammarParser/RollContext Engine.Parsers.Generated.Grammar.GrammarParser::roll()
FNDA:0,Engine.Parsers.Generated.Grammar.GrammarParser/RollContext Engine.Parsers.Generated.Grammar.GrammarParser::roll()
DA:577,0
DA:578,0
DA:579,0
DA:581,0
DA:582,0
DA:583,0
DA:584,0
DA:588,0
DA:589,0
DA:590,0
DA:591,0
DA:592,0
DA:593,0
DA:594,0
DA:595,0
DA:596,0
DA:597,0
DA:598,0
DA:599,0
DA:600,0
DA:601,0
DA:602,0
DA:603,0
DA:604,0
DA:605,0
DA:606,0
DA:607,0
DA:608,0
DA:609,0
DA:610,0
DA:611,0
DA:612,0
DA:613,0
DA:614,0
DA:615,0
DA:617,0
DA:618,0
DA:619,0
DA:620,0
DA:621,0
DA:622,0
DA:623,0
DA:624,0
DA:626,0
DA:628,0
DA:629,0
DA:630,0
DA:631,0
DA:632,0
DA:633,0
DA:634,0
DA:635,0
DA:636,0
DA:637,0
DA:638,0
BRDA:584,69,0,0
BRDA:584,69,1,0
BRDA:594,279,1,0
BRDA:599,168,0,0
BRDA:599,168,1,0
BRDA:599,183,0,0
BRDA:599,183,1,0
BRDA:594,265,0,0
BRDA:594,265,1,0
BRDA:594,279,0,0
BRDA:584,76,1,0
BRDA:584,76,0,0
FN:654,Engine.Parsers.Generated.Grammar.GrammarParser/CommandContext Engine.Parsers.Generated.Grammar.GrammarParser::command()
FNDA:0,Engine.Parsers.Generated.Grammar.GrammarParser/CommandContext Engine.Parsers.Generated.Grammar.GrammarParser::command()
DA:655,0
DA:656,0
DA:657,0
DA:658,0
DA:659,0
DA:660,0
DA:661,0
DA:662,0
DA:663,0
DA:664,0
DA:665,0
DA:666,0
DA:667,0
DA:668,0
DA:669,0
DA:670,0
DA:671,0
DA:672,0
DA:673,0
FN:689,Engine.Parsers.Generated.Grammar.GrammarParser/ActionContext Engine.Parsers.Generated.Grammar.GrammarParser::action()
FNDA:0,Engine.Parsers.Generated.Grammar.GrammarParser/ActionContext Engine.Parsers.Generated.Grammar.GrammarParser::action()
DA:690,0
DA:691,0
DA:692,0
DA:693,0
DA:694,0
DA:695,0
DA:696,0
DA:697,0
DA:698,0
DA:699,0
DA:700,0
DA:701,0
DA:702,0
DA:703,0
DA:704,0
DA:705,0
DA:706,0
DA:707,0
DA:708,0
FN:709,System.Boolean Engine.Parsers.Generated.Grammar.GrammarParser::Sempred(Antlr4.Runtime.RuleContext,System.Int32,System.Int32)
FNDA:0,System.Boolean Engine.Parsers.Generated.Grammar.GrammarParser::Sempred(Antlr4.Runtime.RuleContext,System.Int32,System.Int32)
DA:710,0
DA:711,0
DA:712,0
DA:714,0
DA:715,0
BRDA:711,5,1,0
BRDA:711,5,0,0
FN:715,System.Boolean Engine.Parsers.Generated.Grammar.GrammarParser::expression_sempred(Engine.Parsers.Generated.Grammar.GrammarParser/ExpressionContext,System.Int32)
FNDA:0,System.Boolean Engine.Parsers.Generated.Grammar.GrammarParser::expression_sempred(Engine.Parsers.Generated.Grammar.GrammarParser/ExpressionContext,System.Int32)
DA:716,0
DA:717,0
DA:718,0
DA:719,0
DA:720,0
DA:722,0
DA:723,0
BRDA:717,4,1,0
BRDA:717,4,2,0
BRDA:717,4,3,0
BRDA:717,4,0,0
FN:37,System.Void Engine.Parsers.Generated.Grammar.GrammarParser::.cctor()
FNDA:1,System.Void Engine.Parsers.Generated.Grammar.GrammarParser::.cctor()
DA:38,1
DA:46,1
DA:47,1
DA:48,1
DA:50,1
DA:51,1
DA:52,1
DA:53,1
DA:54,1
DA:55,1
DA:56,1
DA:57,1
DA:58,1
DA:59,1
DA:76,1
DA:77,1
DA:78,26
DA:79,8
DA:80,8
DA:81,1
DA:725,1
DA:726,1
DA:727,1
DA:728,1
DA:729,1
DA:730,1
DA:731,1
DA:732,1
DA:733,1
DA:734,1
DA:735,1
DA:736,1
DA:737,1
DA:738,1
DA:739,1
DA:740,1
DA:741,1
DA:742,1
DA:743,1
DA:744,1
DA:745,1
DA:746,1
DA:747,1
DA:748,1
DA:749,1
DA:750,1
DA:751,1
DA:752,1
DA:753,1
DA:754,1
DA:755,1
DA:756,1
DA:757,1
DA:758,1
DA:759,1
DA:760,1
DA:761,1
DA:762,1
DA:763,1
DA:764,1
DA:765,1
DA:766,1
DA:767,1
DA:768,1
DA:769,1
DA:770,1
DA:771,1
DA:772,1
DA:773,1
DA:774,1
DA:775,1
DA:776,1
DA:777,1
DA:778,1
DA:779,1
DA:780,1
DA:781,1
DA:782,1
DA:783,1
DA:784,1
DA:785,1
DA:786,1
DA:787,1
DA:788,1
DA:789,1
DA:790,1
DA:792,1
DA:793,1
BRDA:78,500,1,8
BRDA:78,500,0,1
FN:82,System.Void Engine.Parsers.Generated.Grammar.GrammarParser::.ctor(Antlr4.Runtime.ITokenStream)
FNDA:45,System.Void Engine.Parsers.Generated.Grammar.GrammarParser::.ctor(Antlr4.Runtime.ITokenStream)
DA:83,45
FN:85,System.Void Engine.Parsers.Generated.Grammar.GrammarParser::.ctor(Antlr4.Runtime.ITokenStream,System.IO.TextWriter,System.IO.TextWriter)
FNDA:15,System.Void Engine.Parsers.Generated.Grammar.GrammarParser::.ctor(Antlr4.Runtime.ITokenStream,System.IO.TextWriter,System.IO.TextWriter)
DA:86,15
DA:87,15
DA:88,15
DA:89,15
FN:91,Engine.Parsers.Generated.Grammar.GrammarParser/StatementContext[] Engine.Parsers.Generated.Grammar.GrammarParser/StatementsContext::statement()
FNDA:15,Engine.Parsers.Generated.Grammar.GrammarParser/StatementContext[] Engine.Parsers.Generated.Grammar.GrammarParser/StatementsContext::statement()
DA:92,15
DA:93,15
DA:94,15
FN:94,Engine.Parsers.Generated.Grammar.GrammarParser/StatementContext Engine.Parsers.Generated.Grammar.GrammarParser/StatementsContext::statement(System.Int32)
FNDA:0,Engine.Parsers.Generated.Grammar.GrammarParser/StatementContext Engine.Parsers.Generated.Grammar.GrammarParser/StatementsContext::statement(System.Int32)
DA:95,0
DA:96,0
DA:97,0
FN:97,Antlr4.Runtime.Tree.ITerminalNode Engine.Parsers.Generated.Grammar.GrammarParser/StatementsContext::Eof()
FNDA:0,Antlr4.Runtime.Tree.ITerminalNode Engine.Parsers.Generated.Grammar.GrammarParser/StatementsContext::Eof()
DA:98,0
FN:98,Antlr4.Runtime.Tree.ITerminalNode[] Engine.Parsers.Generated.Grammar.GrammarParser/StatementsContext::AND()
FNDA:0,Antlr4.Runtime.Tree.ITerminalNode[] Engine.Parsers.Generated.Grammar.GrammarParser/StatementsContext::AND()
DA:99,0
FN:99,Antlr4.Runtime.Tree.ITerminalNode Engine.Parsers.Generated.Grammar.GrammarParser/StatementsContext::AND(System.Int32)
FNDA:0,Antlr4.Runtime.Tree.ITerminalNode Engine.Parsers.Generated.Grammar.GrammarParser/StatementsContext::AND(System.Int32)
DA:100,0
DA:101,0
DA:102,0
FN:106,System.Int32 Engine.Parsers.Generated.Grammar.GrammarParser/StatementsContext::get_RuleIndex()
FNDA:0,System.Int32 Engine.Parsers.Generated.Grammar.GrammarParser/StatementsContext::get_RuleIndex()
DA:107,0
FN:107,TResult Engine.Parsers.Generated.Grammar.GrammarParser/StatementsContext::Accept(Antlr4.Runtime.Tree.IParseTreeVisitor`1<TResult>)
FNDA:15,TResult Engine.Parsers.Generated.Grammar.GrammarParser/StatementsContext::Accept(Antlr4.Runtime.Tree.IParseTreeVisitor`1<TResult>)
DA:108,15
DA:109,15
DA:110,30
DA:111,0
DA:112,15
BRDA:110,14,0,15
BRDA:110,14,1,0
FN:103,System.Void Engine.Parsers.Generated.Grammar.GrammarParser/StatementsContext::.ctor(Antlr4.Runtime.ParserRuleContext,System.Int32)
FNDA:15,System.Void Engine.Parsers.Generated.Grammar.GrammarParser/StatementsContext::.ctor(Antlr4.Runtime.ParserRuleContext,System.Int32)
DA:104,15
DA:105,15
DA:106,15
FN:152,Engine.Parsers.Generated.Grammar.GrammarParser/ExpressionContext Engine.Parsers.Generated.Grammar.GrammarParser/StatementContext::expression()
FNDA:15,Engine.Parsers.Generated.Grammar.GrammarParser/ExpressionContext Engine.Parsers.Generated.Grammar.GrammarParser/StatementContext::expression()
DA:153,15
DA:154,15
DA:155,15
FN:155,Engine.Parsers.Generated.Grammar.GrammarParser/CommandContext Engine.Parsers.Generated.Grammar.GrammarParser/StatementContext::command()
FNDA:0,Engine.Parsers.Generated.Grammar.GrammarParser/CommandContext Engine.Parsers.Generated.Grammar.GrammarParser/StatementContext::command()
DA:156,0
DA:157,0
DA:158,0
FN:158,Engine.Parsers.Generated.Grammar.GrammarParser/ActionContext Engine.Parsers.Generated.Grammar.GrammarParser/StatementContext::action()
FNDA:0,Engine.Parsers.Generated.Grammar.GrammarParser/ActionContext Engine.Parsers.Generated.Grammar.GrammarParser/StatementContext::action()
DA:159,0
DA:160,0
DA:161,0
FN:165,System.Int32 Engine.Parsers.Generated.Grammar.GrammarParser/StatementContext::get_RuleIndex()
FNDA:0,System.Int32 Engine.Parsers.Generated.Grammar.GrammarParser/StatementContext::get_RuleIndex()
DA:166,0
FN:166,TResult Engine.Parsers.Generated.Grammar.GrammarParser/StatementContext::Accept(Antlr4.Runtime.Tree.IParseTreeVisitor`1<TResult>)
FNDA:0,TResult Engine.Parsers.Generated.Grammar.GrammarParser/StatementContext::Accept(Antlr4.Runtime.Tree.IParseTreeVisitor`1<TResult>)
DA:167,0
DA:168,0
DA:169,0
DA:170,0
DA:171,0
BRDA:169,14,0,0
BRDA:169,14,1,0
FN:162,System.Void Engine.Parsers.Generated.Grammar.GrammarParser/StatementContext::.ctor(Antlr4.Runtime.ParserRuleContext,System.Int32)
FNDA:15,System.Void Engine.Parsers.Generated.Grammar.GrammarParser/StatementContext::.ctor(Antlr4.Runtime.ParserRuleContext,System.Int32)
DA:163,15
DA:164,15
DA:165,15
FN:224,System.Int32 Engine.Parsers.Generated.Grammar.GrammarParser/ExpressionContext::get_RuleIndex()
FNDA:0,System.Int32 Engine.Parsers.Generated.Grammar.GrammarParser/ExpressionContext::get_RuleIndex()
DA:225,0
FN:227,System.Void Engine.Parsers.Generated.Grammar.GrammarParser/ExpressionContext::CopyFrom(Engine.Parsers.Generated.Grammar.GrammarParser/ExpressionContext)
FNDA:83,System.Void Engine.Parsers.Generated.Grammar.GrammarParser/ExpressionContext::CopyFrom(Engine.Parsers.Generated.Grammar.GrammarParser/ExpressionContext)
DA:228,83
DA:229,83
DA:230,83
FN:221,System.Void Engine.Parsers.Generated.Grammar.GrammarParser/ExpressionContext::.ctor(Antlr4.Runtime.ParserRuleContext,System.Int32)
FNDA:83,System.Void Engine.Parsers.Generated.Grammar.GrammarParser/ExpressionContext::.ctor(Antlr4.Runtime.ParserRuleContext,System.Int32)
DA:222,83
DA:223,83
DA:224,83
FN:226,System.Void Engine.Parsers.Generated.Grammar.GrammarParser/ExpressionContext::.ctor()
FNDA:249,System.Void Engine.Parsers.Generated.Grammar.GrammarParser/ExpressionContext::.ctor()
DA:227,249
FN:232,Engine.Parsers.Generated.Grammar.GrammarParser/ValueContext Engine.Parsers.Generated.Grammar.GrammarParser/ValueExprContext::value()
FNDA:45,Engine.Parsers.Generated.Grammar.GrammarParser/ValueContext Engine.Parsers.Generated.Grammar.GrammarParser/ValueExprContext::value()
DA:233,45
DA:234,45
DA:235,45
FN:236,TResult Engine.Parsers.Generated.Grammar.GrammarParser/ValueExprContext::Accept(Antlr4.Runtime.Tree.IParseTreeVisitor`1<TResult>)
FNDA:3,TResult Engine.Parsers.Generated.Grammar.GrammarParser/ValueExprContext::Accept(Antlr4.Runtime.Tree.IParseTreeVisitor`1<TResult>)
DA:237,3
DA:238,3
DA:239,6
DA:240,0
DA:241,3
BRDA:239,14,0,3
BRDA:239,14,1,0
FN:235,System.Void Engine.Parsers.Generated.Grammar.GrammarParser/ValueExprContext::.ctor(Engine.Parsers.Generated.Grammar.GrammarParser/ExpressionContext)
FNDA:180,System.Void Engine.Parsers.Generated.Grammar.GrammarParser/ValueExprContext::.ctor(Engine.Parsers.Generated.Grammar.GrammarParser/ExpressionContext)
DA:236,180
FN:243,Antlr4.Runtime.Tree.ITerminalNode Engine.Parsers.Generated.Grammar.GrammarParser/UnaryMinusExprContext::SUBTRACT()
FNDA:0,Antlr4.Runtime.Tree.ITerminalNode Engine.Parsers.Generated.Grammar.GrammarParser/UnaryMinusExprContext::SUBTRACT()
DA:244,0
FN:244,Engine.Parsers.Generated.Grammar.GrammarParser/ExpressionContext Engine.Parsers.Generated.Grammar.GrammarParser/UnaryMinusExprContext::expression()
FNDA:3,Engine.Parsers.Generated.Grammar.GrammarParser/ExpressionContext Engine.Parsers.Generated.Grammar.GrammarParser/UnaryMinusExprContext::expression()
DA:245,3
DA:246,3
DA:247,3
FN:248,TResult Engine.Parsers.Generated.Grammar.GrammarParser/UnaryMinusExprContext::Accept(Antlr4.Runtime.Tree.IParseTreeVisitor`1<TResult>)
FNDA:0,TResult Engine.Parsers.Generated.Grammar.GrammarParser/UnaryMinusExprContext::Accept(Antlr4.Runtime.Tree.IParseTreeVisitor`1<TResult>)
DA:249,0
DA:250,0
DA:251,0
DA:252,0
DA:253,0
BRDA:251,14,0,0
BRDA:251,14,1,0
FN:247,System.Void Engine.Parsers.Generated.Grammar.GrammarParser/UnaryMinusExprContext::.ctor(Engine.Parsers.Generated.Grammar.GrammarParser/ExpressionContext)
FNDA:12,System.Void Engine.Parsers.Generated.Grammar.GrammarParser/UnaryMinusExprContext::.ctor(Engine.Parsers.Generated.Grammar.GrammarParser/ExpressionContext)
DA:248,12
FN:258,Engine.Parsers.Generated.Grammar.GrammarParser/ExpressionContext[] Engine.Parsers.Generated.Grammar.GrammarParser/MultiplicationExprContext::expression()
FNDA:0,Engine.Parsers.Generated.Grammar.GrammarParser/ExpressionContext[] Engine.Parsers.Generated.Grammar.GrammarParser/MultiplicationExprContext::expression()
DA:259,0
DA:260,0
DA:261,0
FN:261,Engine.Parsers.Generated.Grammar.GrammarParser/ExpressionContext Engine.Parsers.Generated.Grammar.GrammarParser/MultiplicationExprContext::expression(System.Int32)
FNDA:0,Engine.Parsers.Generated.Grammar.GrammarParser/ExpressionContext Engine.Parsers.Generated.Grammar.GrammarParser/MultiplicationExprContext::expression(System.Int32)
DA:262,0
DA:263,0
DA:264,0
FN:264,Antlr4.Runtime.Tree.ITerminalNode Engine.Parsers.Generated.Grammar.GrammarParser/MultiplicationExprContext::MULTIPLY()
FNDA:0,Antlr4.Runtime.Tree.ITerminalNode Engine.Parsers.Generated.Grammar.GrammarParser/MultiplicationExprContext::MULTIPLY()
DA:265,0
FN:265,Antlr4.Runtime.Tree.ITerminalNode Engine.Parsers.Generated.Grammar.GrammarParser/MultiplicationExprContext::DIVIDE()
FNDA:0,Antlr4.Runtime.Tree.ITerminalNode Engine.Parsers.Generated.Grammar.GrammarParser/MultiplicationExprContext::DIVIDE()
DA:266,0
FN:266,Antlr4.Runtime.Tree.ITerminalNode Engine.Parsers.Generated.Grammar.GrammarParser/MultiplicationExprContext::MOD()
FNDA:0,Antlr4.Runtime.Tree.ITerminalNode Engine.Parsers.Generated.Grammar.GrammarParser/MultiplicationExprContext::MOD()
DA:267,0
FN:268,TResult Engine.Parsers.Generated.Grammar.GrammarParser/MultiplicationExprContext::Accept(Antlr4.Runtime.Tree.IParseTreeVisitor`1<TResult>)
FNDA:0,TResult Engine.Parsers.Generated.Grammar.GrammarParser/MultiplicationExprContext::Accept(Antlr4.Runtime.Tree.IParseTreeVisitor`1<TResult>)
DA:269,0
DA:270,0
DA:271,0
DA:272,0
DA:273,0
BRDA:271,14,0,0
BRDA:271,14,1,0
FN:267,System.Void Engine.Parsers.Generated.Grammar.GrammarParser/MultiplicationExprContext::.ctor(Engine.Parsers.Generated.Grammar.GrammarParser/ExpressionContext)
FNDA:56,System.Void Engine.Parsers.Generated.Grammar.GrammarParser/MultiplicationExprContext::.ctor(Engine.Parsers.Generated.Grammar.GrammarParser/ExpressionContext)
DA:268,56
FN:278,Engine.Parsers.Generated.Grammar.GrammarParser/ExpressionContext[] Engine.Parsers.Generated.Grammar.GrammarParser/AdditiveExprContext::expression()
FNDA:0,Engine.Parsers.Generated.Grammar.GrammarParser/ExpressionContext[] Engine.Parsers.Generated.Grammar.GrammarParser/AdditiveExprContext::expression()
DA:279,0
DA:280,0
DA:281,0
FN:281,Engine.Parsers.Generated.Grammar.GrammarParser/ExpressionContext Engine.Parsers.Generated.Grammar.GrammarParser/AdditiveExprContext::expression(System.Int32)
FNDA:0,Engine.Parsers.Generated.Grammar.GrammarParser/ExpressionContext Engine.Parsers.Generated.Grammar.GrammarParser/AdditiveExprContext::expression(System.Int32)
DA:282,0
DA:283,0
DA:284,0
FN:284,Antlr4.Runtime.Tree.ITerminalNode Engine.Parsers.Generated.Grammar.GrammarParser/AdditiveExprContext::ADD()
FNDA:0,Antlr4.Runtime.Tree.ITerminalNode Engine.Parsers.Generated.Grammar.GrammarParser/AdditiveExprContext::ADD()
DA:285,0
FN:285,Antlr4.Runtime.Tree.ITerminalNode Engine.Parsers.Generated.Grammar.GrammarParser/AdditiveExprContext::SUBTRACT()
FNDA:0,Antlr4.Runtime.Tree.ITerminalNode Engine.Parsers.Generated.Grammar.GrammarParser/AdditiveExprContext::SUBTRACT()
DA:286,0
FN:287,TResult Engine.Parsers.Generated.Grammar.GrammarParser/AdditiveExprContext::Accept(Antlr4.Runtime.Tree.IParseTreeVisitor`1<TResult>)
FNDA:0,TResult Engine.Parsers.Generated.Grammar.GrammarParser/AdditiveExprContext::Accept(Antlr4.Runtime.Tree.IParseTreeVisitor`1<TResult>)
DA:288,0
DA:289,0
DA:290,0
DA:291,0
DA:292,0
BRDA:290,14,0,0
BRDA:290,14,1,0
FN:286,System.Void Engine.Parsers.Generated.Grammar.GrammarParser/AdditiveExprContext::.ctor(Engine.Parsers.Generated.Grammar.GrammarParser/ExpressionContext)
FNDA:44,System.Void Engine.Parsers.Generated.Grammar.GrammarParser/AdditiveExprContext::.ctor(Engine.Parsers.Generated.Grammar.GrammarParser/ExpressionContext)
DA:287,44
FN:297,Engine.Parsers.Generated.Grammar.GrammarParser/ExpressionContext[] Engine.Parsers.Generated.Grammar.GrammarParser/PowExprContext::expression()
FNDA:0,Engine.Parsers.Generated.Grammar.GrammarParser/ExpressionContext[] Engine.Parsers.Generated.Grammar.GrammarParser/PowExprContext::expression()
DA:298,0
DA:299,0
DA:300,0
FN:300,Engine.Parsers.Generated.Grammar.GrammarParser/ExpressionContext Engine.Parsers.Generated.Grammar.GrammarParser/PowExprContext::expression(System.Int32)
FNDA:0,Engine.Parsers.Generated.Grammar.GrammarParser/ExpressionContext Engine.Parsers.Generated.Grammar.GrammarParser/PowExprContext::expression(System.Int32)
DA:301,0
DA:302,0
DA:303,0
FN:303,Antlr4.Runtime.Tree.ITerminalNode Engine.Parsers.Generated.Grammar.GrammarParser/PowExprContext::POW()
FNDA:0,Antlr4.Runtime.Tree.ITerminalNode Engine.Parsers.Generated.Grammar.GrammarParser/PowExprContext::POW()
DA:304,0
FN:305,TResult Engine.Parsers.Generated.Grammar.GrammarParser/PowExprContext::Accept(Antlr4.Runtime.Tree.IParseTreeVisitor`1<TResult>)
FNDA:0,TResult Engine.Parsers.Generated.Grammar.GrammarParser/PowExprContext::Accept(Antlr4.Runtime.Tree.IParseTreeVisitor`1<TResult>)
DA:306,0
DA:307,0
DA:308,0
DA:309,0
DA:310,0
BRDA:308,14,0,0
BRDA:308,14,1,0
FN:304,System.Void Engine.Parsers.Generated.Grammar.GrammarParser/PowExprContext::.ctor(Engine.Parsers.Generated.Grammar.GrammarParser/ExpressionContext)
FNDA:20,System.Void Engine.Parsers.Generated.Grammar.GrammarParser/PowExprContext::.ctor(Engine.Parsers.Generated.Grammar.GrammarParser/ExpressionContext)
DA:305,20
FN:312,Antlr4.Runtime.Tree.ITerminalNode Engine.Parsers.Generated.Grammar.GrammarParser/ParenExprContext::L_PAREN()
FNDA:0,Antlr4.Runtime.Tree.ITerminalNode Engine.Parsers.Generated.Grammar.GrammarParser/ParenExprContext::L_PAREN()
DA:313,0
FN:313,Engine.Parsers.Generated.Grammar.GrammarParser/ExpressionContext Engine.Parsers.Generated.Grammar.GrammarParser/ParenExprContext::expression()
FNDA:5,Engine.Parsers.Generated.Grammar.GrammarParser/ExpressionContext Engine.Parsers.Generated.Grammar.GrammarParser/ParenExprContext::expression()
DA:314,5
DA:315,5
DA:316,5
FN:316,Antlr4.Runtime.Tree.ITerminalNode Engine.Parsers.Generated.Grammar.GrammarParser/ParenExprContext::R_PAREN()
FNDA:0,Antlr4.Runtime.Tree.ITerminalNode Engine.Parsers.Generated.Grammar.GrammarParser/ParenExprContext::R_PAREN()
DA:317,0
FN:318,TResult Engine.Parsers.Generated.Grammar.GrammarParser/ParenExprContext::Accept(Antlr4.Runtime.Tree.IParseTreeVisitor`1<TResult>)
FNDA:0,TResult Engine.Parsers.Generated.Grammar.GrammarParser/ParenExprContext::Accept(Antlr4.Runtime.Tree.IParseTreeVisitor`1<TResult>)
DA:319,0
DA:320,0
DA:321,0
DA:322,0
DA:323,0
BRDA:321,14,0,0
BRDA:321,14,1,0
FN:317,System.Void Engine.Parsers.Generated.Grammar.GrammarParser/ParenExprContext::.ctor(Engine.Parsers.Generated.Grammar.GrammarParser/ExpressionContext)
FNDA:20,System.Void Engine.Parsers.Generated.Grammar.GrammarParser/ParenExprContext::.ctor(Engine.Parsers.Generated.Grammar.GrammarParser/ExpressionContext)
DA:318,20
FN:468,System.Int32 Engine.Parsers.Generated.Grammar.GrammarParser/ValueContext::get_RuleIndex()
FNDA:0,System.Int32 Engine.Parsers.Generated.Grammar.GrammarParser/ValueContext::get_RuleIndex()
DA:469,0
FN:471,System.Void Engine.Parsers.Generated.Grammar.GrammarParser/ValueContext::CopyFrom(Engine.Parsers.Generated.Grammar.GrammarParser/ValueContext)
FNDA:45,System.Void Engine.Parsers.Generated.Grammar.GrammarParser/ValueContext::CopyFrom(Engine.Parsers.Generated.Grammar.GrammarParser/ValueContext)
DA:472,45
DA:473,45
DA:474,45
FN:465,System.Void Engine.Parsers.Generated.Grammar.GrammarParser/ValueContext::.ctor(Antlr4.Runtime.ParserRuleContext,System.Int32)
FNDA:45,System.Void Engine.Parsers.Generated.Grammar.GrammarParser/ValueContext::.ctor(Antlr4.Runtime.ParserRuleContext,System.Int32)
DA:466,45
DA:467,45
DA:468,45
FN:470,System.Void Engine.Parsers.Generated.Grammar.GrammarParser/ValueContext::.ctor()
FNDA:135,System.Void Engine.Parsers.Generated.Grammar.GrammarParser/ValueContext::.ctor()
DA:471,135
FN:476,Engine.Parsers.Generated.Grammar.GrammarParser/RollContext Engine.Parsers.Generated.Grammar.GrammarParser/RollValueContext::roll()
FNDA:0,Engine.Parsers.Generated.Grammar.GrammarParser/RollContext Engine.Parsers.Generated.Grammar.GrammarParser/RollValueContext::roll()
DA:477,0
DA:478,0
DA:479,0
FN:480,TResult Engine.Parsers.Generated.Grammar.GrammarParser/RollValueContext::Accept(Antlr4.Runtime.Tree.IParseTreeVisitor`1<TResult>)
FNDA:0,TResult Engine.Parsers.Generated.Grammar.GrammarParser/RollValueContext::Accept(Antlr4.Runtime.Tree.IParseTreeVisitor`1<TResult>)
DA:481,0
DA:482,0
DA:483,0
DA:484,0
DA:485,0
BRDA:483,14,0,0
BRDA:483,14,1,0
FN:479,System.Void Engine.Parsers.Generated.Grammar.GrammarParser/RollValueContext::.ctor(Engine.Parsers.Generated.Grammar.GrammarParser/ValueContext)
FNDA:0,System.Void Engine.Parsers.Generated.Grammar.GrammarParser/RollValueContext::.ctor(Engine.Parsers.Generated.Grammar.GrammarParser/ValueContext)
DA:480,0
FN:487,Antlr4.Runtime.Tree.ITerminalNode Engine.Parsers.Generated.Grammar.GrammarParser/NumberValueContext::INTEGER()
FNDA:0,Antlr4.Runtime.Tree.ITerminalNode Engine.Parsers.Generated.Grammar.GrammarParser/NumberValueContext::INTEGER()
DA:488,0
FN:489,TResult Engine.Parsers.Generated.Grammar.GrammarParser/NumberValueContext::Accept(Antlr4.Runtime.Tree.IParseTreeVisitor`1<TResult>)
FNDA:0,TResult Engine.Parsers.Generated.Grammar.GrammarParser/NumberValueContext::Accept(Antlr4.Runtime.Tree.IParseTreeVisitor`1<TResult>)
DA:490,0
DA:491,0
DA:492,0
DA:493,0
DA:494,0
BRDA:492,14,0,0
BRDA:492,14,1,0
FN:488,System.Void Engine.Parsers.Generated.Grammar.GrammarParser/NumberValueContext::.ctor(Engine.Parsers.Generated.Grammar.GrammarParser/ValueContext)
FNDA:180,System.Void Engine.Parsers.Generated.Grammar.GrammarParser/NumberValueContext::.ctor(Engine.Parsers.Generated.Grammar.GrammarParser/ValueContext)
DA:489,180
FN:536,System.Int32 Engine.Parsers.Generated.Grammar.GrammarParser/RollContext::get_RuleIndex()
FNDA:0,System.Int32 Engine.Parsers.Generated.Grammar.GrammarParser/RollContext::get_RuleIndex()
DA:537,0
FN:539,System.Void Engine.Parsers.Generated.Grammar.GrammarParser/RollContext::CopyFrom(Engine.Parsers.Generated.Grammar.GrammarParser/RollContext)
FNDA:0,System.Void Engine.Parsers.Generated.Grammar.GrammarParser/RollContext::CopyFrom(Engine.Parsers.Generated.Grammar.GrammarParser/RollContext)
DA:540,0
DA:541,0
DA:542,0
FN:533,System.Void Engine.Parsers.Generated.Grammar.GrammarParser/RollContext::.ctor(Antlr4.Runtime.ParserRuleContext,System.Int32)
FNDA:0,System.Void Engine.Parsers.Generated.Grammar.GrammarParser/RollContext::.ctor(Antlr4.Runtime.ParserRuleContext,System.Int32)
DA:534,0
DA:535,0
DA:536,0
FN:538,System.Void Engine.Parsers.Generated.Grammar.GrammarParser/RollContext::.ctor()
FNDA:0,System.Void Engine.Parsers.Generated.Grammar.GrammarParser/RollContext::.ctor()
DA:539,0
FN:544,Antlr4.Runtime.Tree.ITerminalNode[] Engine.Parsers.Generated.Grammar.GrammarParser/SumRollContext::INTEGER()
FNDA:0,Antlr4.Runtime.Tree.ITerminalNode[] Engine.Parsers.Generated.Grammar.GrammarParser/SumRollContext::INTEGER()
DA:545,0
FN:545,Antlr4.Runtime.Tree.ITerminalNode Engine.Parsers.Generated.Grammar.GrammarParser/SumRollContext::INTEGER(System.Int32)
FNDA:0,Antlr4.Runtime.Tree.ITerminalNode Engine.Parsers.Generated.Grammar.GrammarParser/SumRollContext::INTEGER(System.Int32)
DA:546,0
DA:547,0
DA:548,0
FN:548,Antlr4.Runtime.Tree.ITerminalNode Engine.Parsers.Generated.Grammar.GrammarParser/SumRollContext::DICE()
FNDA:0,Antlr4.Runtime.Tree.ITerminalNode Engine.Parsers.Generated.Grammar.GrammarParser/SumRollContext::DICE()
DA:549,0
FN:550,TResult Engine.Parsers.Generated.Grammar.GrammarParser/SumRollContext::Accept(Antlr4.Runtime.Tree.IParseTreeVisitor`1<TResult>)
FNDA:0,TResult Engine.Parsers.Generated.Grammar.GrammarParser/SumRollContext::Accept(Antlr4.Runtime.Tree.IParseTreeVisitor`1<TResult>)
DA:551,0
DA:552,0
DA:553,0
DA:554,0
DA:555,0
BRDA:553,14,0,0
BRDA:553,14,1,0
FN:549,System.Void Engine.Parsers.Generated.Grammar.GrammarParser/SumRollContext::.ctor(Engine.Parsers.Generated.Grammar.GrammarParser/RollContext)
FNDA:0,System.Void Engine.Parsers.Generated.Grammar.GrammarParser/SumRollContext::.ctor(Engine.Parsers.Generated.Grammar.GrammarParser/RollContext)
DA:550,0
FN:557,Antlr4.Runtime.Tree.ITerminalNode Engine.Parsers.Generated.Grammar.GrammarParser/ModifierRollContext::DICE()
FNDA:0,Antlr4.Runtime.Tree.ITerminalNode Engine.Parsers.Generated.Grammar.GrammarParser/ModifierRollContext::DICE()
DA:558,0
FN:558,Antlr4.Runtime.Tree.ITerminalNode Engine.Parsers.Generated.Grammar.GrammarParser/ModifierRollContext::INTEGER()
FNDA:0,Antlr4.Runtime.Tree.ITerminalNode Engine.Parsers.Generated.Grammar.GrammarParser/ModifierRollContext::INTEGER()
DA:559,0
FN:559,Antlr4.Runtime.Tree.ITerminalNode[] Engine.Parsers.Generated.Grammar.GrammarParser/ModifierRollContext::ADVANTAGE()
FNDA:0,Antlr4.Runtime.Tree.ITerminalNode[] Engine.Parsers.Generated.Grammar.GrammarParser/ModifierRollContext::ADVANTAGE()
DA:560,0
FN:560,Antlr4.Runtime.Tree.ITerminalNode Engine.Parsers.Generated.Grammar.GrammarParser/ModifierRollContext::ADVANTAGE(System.Int32)
FNDA:0,Antlr4.Runtime.Tree.ITerminalNode Engine.Parsers.Generated.Grammar.GrammarParser/ModifierRollContext::ADVANTAGE(System.Int32)
DA:561,0
DA:562,0
DA:563,0
FN:563,Antlr4.Runtime.Tree.ITerminalNode[] Engine.Parsers.Generated.Grammar.GrammarParser/ModifierRollContext::DISADVANTAGE()
FNDA:0,Antlr4.Runtime.Tree.ITerminalNode[] Engine.Parsers.Generated.Grammar.GrammarParser/ModifierRollContext::DISADVANTAGE()
DA:564,0
FN:564,Antlr4.Runtime.Tree.ITerminalNode Engine.Parsers.Generated.Grammar.GrammarParser/ModifierRollContext::DISADVANTAGE(System.Int32)
FNDA:0,Antlr4.Runtime.Tree.ITerminalNode Engine.Parsers.Generated.Grammar.GrammarParser/ModifierRollContext::DISADVANTAGE(System.Int32)
DA:565,0
DA:566,0
DA:567,0
FN:568,TResult Engine.Parsers.Generated.Grammar.GrammarParser/ModifierRollContext::Accept(Antlr4.Runtime.Tree.IParseTreeVisitor`1<TResult>)
FNDA:0,TResult Engine.Parsers.Generated.Grammar.GrammarParser/ModifierRollContext::Accept(Antlr4.Runtime.Tree.IParseTreeVisitor`1<TResult>)
DA:569,0
DA:570,0
DA:571,0
DA:572,0
DA:573,0
BRDA:571,14,0,0
BRDA:571,14,1,0
FN:567,System.Void Engine.Parsers.Generated.Grammar.GrammarParser/ModifierRollContext::.ctor(Engine.Parsers.Generated.Grammar.GrammarParser/RollContext)
FNDA:0,System.Void Engine.Parsers.Generated.Grammar.GrammarParser/ModifierRollContext::.ctor(Engine.Parsers.Generated.Grammar.GrammarParser/RollContext)
DA:568,0
FN:640,Antlr4.Runtime.Tree.ITerminalNode Engine.Parsers.Generated.Grammar.GrammarParser/CommandContext::COMMAND()
FNDA:0,Antlr4.Runtime.Tree.ITerminalNode Engine.Parsers.Generated.Grammar.GrammarParser/CommandContext::COMMAND()
DA:641,0
FN:645,System.Int32 Engine.Parsers.Generated.Grammar.GrammarParser/CommandContext::get_RuleIndex()
FNDA:0,System.Int32 Engine.Parsers.Generated.Grammar.GrammarParser/CommandContext::get_RuleIndex()
DA:646,0
FN:646,TResult Engine.Parsers.Generated.Grammar.GrammarParser/CommandContext::Accept(Antlr4.Runtime.Tree.IParseTreeVisitor`1<TResult>)
FNDA:0,TResult Engine.Parsers.Generated.Grammar.GrammarParser/CommandContext::Accept(Antlr4.Runtime.Tree.IParseTreeVisitor`1<TResult>)
DA:647,0
DA:648,0
DA:649,0
DA:650,0
DA:651,0
BRDA:649,14,0,0
BRDA:649,14,1,0
FN:642,System.Void Engine.Parsers.Generated.Grammar.GrammarParser/CommandContext::.ctor(Antlr4.Runtime.ParserRuleContext,System.Int32)
FNDA:0,System.Void Engine.Parsers.Generated.Grammar.GrammarParser/CommandContext::.ctor(Antlr4.Runtime.ParserRuleContext,System.Int32)
DA:643,0
DA:644,0
DA:645,0
FN:675,Antlr4.Runtime.Tree.ITerminalNode Engine.Parsers.Generated.Grammar.GrammarParser/ActionContext::ACTION()
FNDA:0,Antlr4.Runtime.Tree.ITerminalNode Engine.Parsers.Generated.Grammar.GrammarParser/ActionContext::ACTION()
DA:676,0
FN:680,System.Int32 Engine.Parsers.Generated.Grammar.GrammarParser/ActionContext::get_RuleIndex()
FNDA:0,System.Int32 Engine.Parsers.Generated.Grammar.GrammarParser/ActionContext::get_RuleIndex()
DA:681,0
FN:681,TResult Engine.Parsers.Generated.Grammar.GrammarParser/ActionContext::Accept(Antlr4.Runtime.Tree.IParseTreeVisitor`1<TResult>)
FNDA:0,TResult Engine.Parsers.Generated.Grammar.GrammarParser/ActionContext::Accept(Antlr4.Runtime.Tree.IParseTreeVisitor`1<TResult>)
DA:682,0
DA:683,0
DA:684,0
DA:685,0
DA:686,0
BRDA:684,14,0,0
BRDA:684,14,1,0
FN:677,System.Void Engine.Parsers.Generated.Grammar.GrammarParser/ActionContext::.ctor(Antlr4.Runtime.ParserRuleContext,System.Int32)
FNDA:0,System.Void Engine.Parsers.Generated.Grammar.GrammarParser/ActionContext::.ctor(Antlr4.Runtime.ParserRuleContext,System.Int32)
DA:678,0
DA:679,0
DA:680,0
LF:619
LH:306
BRF:102
BRH:37
FNF:100
FNH:29
end_of_record